2025-02-13T18:42:31.3NZ JPM 171 641
2025-02-13T18:42:31.3NZ NVDA 806 828
2025-02-13T18:42:31.3NZ JPM 175 273
2025-02-13T18:42:31.3NZ GOOGL 147 428
2025-02-13T18:42:31.3NZ META 496 962
2025-02-13T18:42:31.3NZ NVDA 803 264
2025-02-13T18:42:31.3NZ GS 383 764
2025-02-13T18:42:31.3NZ BAC 36 374
2025-02-13T18:42:31.3NZ GOOGL 132 532
2025-02-13T18:42:31.3NZ AMZN 174 573
2025-02-13T18:42:31.3NZ AMZN 177 198
2025-02-13T18:42:31.3NZ JPM 173 969
2025-02-13T18:42:31.3NZ META 495 448
2025-02-13T18:42:31.3NZ AAPL 175 422
2025-02-13T18:42:31.3NZ TSLA 183 184
2025-02-13T18:42:31.3NZ GOOGL 145 687
2025-02-13T18:42:31.3NZ BAC 43 171
2025-02-13T18:42:31.3NZ JPM 177 961
2025-02-13T18:42:31.3NZ TSLA 181 795
2025-02-13T18:42:31.3NZ AMZN 179 570
2025-02-13T18:42:31.3NZ AAPL 182 319
2025-02-13T18:42:31.3NZ GS 383 880
2025-02-13T18:42:31.3NZ NVDA 792 901
2025-02-13T18:42:31.3NZ JPM 167 629
2025-02-13T18:42:31.3NZ MSFT 402 561
2025-02-13T18:42:31.3NZ NVDA 803 509
2025-02-13T18:42:31.3NZ GS 387 545
2025-02-13T18:42:31.3NZ AAPL 188 155
2025-02-13T18:42:31.3NZ BAC 44 163
2025-02-13T18:42:31.3NZ NVDA 808 729
2025-02-13T18:42:31.3NZ GOOGL 140 105
2025-02-13T18:42:31.3NZ GS 385 361
2025-02-13T18:42:31.3NZ TSLA 173 337
2025-02-13T18:42:31.3NZ JPM 168 651
2025-02-13T18:42:31.3NZ META 505 868
2025-02-13T18:42:31.3NZ TSLA 179 197
2025-02-13T18:42:31.3NZ GS 382 554
2025-02-13T18:42:31.3NZ TSLA 180 472
2025-02-13T18:42:31.3NZ JPM 174 261
2025-02-13T18:42:31.3NZ AMZN 169 179
2025-02-13T18:42:31.3NZ TSLA 173 605
2025-02-13T18:42:31.3NZ JPM 180 1070
2025-02-13T18:42:31.3NZ BAC 30 1041
2025-02-13T18:42:31.3NZ NVDA 792 650
2025-02-13T18:42:31.3NZ BAC 32 544
2025-02-13T18:42:31.3NZ AMZN 168 896
2025-02-13T18:42:31.3NZ META 499 447
2025-02-13T18:42:31.3NZ META 490 971
2025-02-13T18:42:31.3NZ MSFT 394 471
2025-02-13T18:42:31.3NZ NVDA 809 649
2025-02-13T18:42:31.3NZ META 504 798
2025-02-13T18:42:31.3NZ META 493 557
2025-02-13T18:42:31.3NZ META 496 906
2025-02-13T18:42:31.3NZ GOOGL 144 769
2025-02-13T18:42:31.3NZ GS 385 897
2025-02-13T18:42:31.3NZ GS 372 816
2025-02-13T18:42:31.3NZ TSLA 171 459
2025-02-13T18:42:31.3NZ TSLA 166 681
2025-02-13T18:42:31.3NZ NVDA 797 1050
2025-02-13T18:42:31.3NZ MSFT 395 624
2025-02-13T18:42:31.3NZ MSFT 404 275
2025-02-13T18:42:31.3NZ BAC 30 357
2025-02-13T18:42:31.3NZ META 493 520
2025-02-13T18:42:31.3NZ MSFT 409 325
2025-02-13T18:42:31.3NZ AMZN 179 379
2025-02-13T18:42:31.3NZ BAC 27 926
2025-02-13T18:42:31.3NZ BAC 44 825
2025-02-13T18:42:31.3NZ JPM 169 491
2025-02-13T18:42:31.3NZ BAC 36 434
2025-02-13T18:42:31.3NZ AAPL 183 932
2025-02-13T18:42:31.3NZ GOOGL 143 950
2025-02-13T18:42:31.3NZ META 506 1039
2025-02-13T18:42:31.3NZ JPM 173 250
2025-02-13T18:42:31.3NZ META 501 101
2025-02-13T18:42:31.3NZ AAPL 170 802
2025-02-13T18:42:31.3NZ GS 377 196
2025-02-13T18:42:31.3NZ JPM 173 489
2025-02-13T18:42:31.3NZ AAPL 186 329
2025-02-13T18:42:31.3NZ NVDA 804 801
2025-02-13T18:42:31.3NZ TSLA 174 512
2025-02-13T18:42:31.3NZ AAPL 184 282
2025-02-13T18:42:31.3NZ AMZN 180 673
2025-02-13T18:42:31.3NZ NVDA 809 593
2025-02-13T18:42:31.3NZ AAPL 178 849
2025-02-13T18:42:31.3NZ NVDA 791 272
2025-02-13T18:42:31.3NZ GS 371 259
2025-02-13T18:42:31.3NZ TSLA 181 666
2025-02-13T18:42:31.3NZ GOOGL 141 287
2025-02-13T18:42:31.3NZ JPM 175 374
2025-02-13T18:42:31.3NZ AMZN 165 990
2025-02-13T18:42:31.3NZ NVDA 806 245
2025-02-13T18:42:31.3NZ BAC 39 768
2025-02-13T18:42:31.3NZ GS 374 481
2025-02-13T18:42:31.3NZ MSFT 401 677
2025-02-13T18:42:31.3NZ AAPL 176 574
2025-02-13T18:42:31.3NZ TSLA 168 853
2025-02-13T18:42:31.3NZ BAC 39 600
2025-02-13T18:42:31.3NZ MSFT 395 724
2025-02-13T18:42:31.3NZ AMZN 172 634
2025-02-13T18:42:31.3NZ AMZN 169 496
2025-02-13T18:42:31.3NZ GS 371 265
2025-02-13T18:42:31.3NZ GS 376 206
2025-02-13T18:42:31.3NZ AMZN 183 872
2025-02-13T18:42:31.3NZ AMZN 174 898
2025-02-13T18:42:31.3NZ GS 389 285
2025-02-13T18:42:31.3NZ NVDA 808 834
2025-02-13T18:42:31.3NZ AMZN 177 384
2025-02-13T18:42:31.3NZ AAPL 173 814
2025-02-13T18:42:31.3NZ AAPL 183 645
2025-02-13T18:42:31.3NZ AMZN 182 1009
2025-02-13T18:42:31.3NZ MSFT 403 949
2025-02-13T18:42:31.3NZ META 504 838
2025-02-13T18:42:31.3NZ META 494 828
2025-02-13T18:42:31.3NZ BAC 29 256
2025-02-13T18:42:31.3NZ AMZN 168 387
2025-02-13T18:42:31.3NZ AAPL 173 264
2025-02-13T18:42:31.3NZ JPM 180 595
2025-02-13T18:42:31.3NZ BAC 34 789
2025-02-13T18:42:31.3NZ MSFT 392 927
2025-02-13T18:42:31.3NZ NVDA 800 809
2025-02-13T18:42:31.3NZ TSLA 179 130
2025-02-13T18:42:31.3NZ MSFT 390 676
2025-02-13T18:42:31.3NZ GOOGL 135 137
2025-02-13T18:42:31.3NZ AAPL 172 277
2025-02-13T18:42:31.3NZ NVDA 792 804
2025-02-13T18:42:31.3NZ NVDA 794 238
2025-02-13T18:42:31.3NZ AMZN 168 1035
2025-02-13T18:42:31.3NZ META 493 147
2025-02-13T18:42:31.3NZ JPM 183 617
2025-02-13T18:42:31.3NZ NVDA 803 655
2025-02-13T18:42:31.3NZ AMZN 167 1063
2025-02-13T18:42:31.3NZ BAC 29 659
2025-02-13T18:42:31.3NZ AMZN 173 113
2025-02-13T18:42:31.3NZ AMZN 180 611
2025-02-13T18:42:31.3NZ TSLA 168 963
2025-02-13T18:42:31.3NZ BAC 41 348
2025-02-13T18:42:31.3NZ META 494 308
2025-02-13T18:42:31.3NZ META 505 1045
2025-02-13T18:42:31.3NZ META 494 668
2025-02-13T18:42:31.3NZ BAC 38 135
2025-02-13T18:42:31.3NZ AAPL 176 539
2025-02-13T18:42:31.3NZ AMZN 182 447
2025-02-13T18:42:31.3NZ JPM 179 188
2025-02-13T18:42:31.3NZ MSFT 397 821
2025-02-13T18:42:31.3NZ MSFT 394 653
2025-02-13T18:42:31.3NZ JPM 178 464
2025-02-13T18:42:31.3NZ TSLA 180 668
2025-02-13T18:42:31.3NZ NVDA 805 882
2025-02-13T18:42:31.3NZ NVDA 796 825
2025-02-13T18:42:31.3NZ NVDA 808 488
2025-02-13T18:42:31.3NZ JPM 177 1064
2025-02-13T18:42:31.3NZ AAPL 185 565
2025-02-13T18:42:31.3NZ META 497 103
2025-02-13T18:42:31.3NZ AMZN 165 748
2025-02-13T18:42:31.3NZ MSFT 397 942
2025-02-13T18:42:31.3NZ GS 383 1030
2025-02-13T18:42:31.3NZ JPM 173 742
2025-02-13T18:42:31.3NZ AMZN 170 747
2025-02-13T18:42:31.3NZ JPM 183 726
2025-02-13T18:42:31.3NZ NVDA 809 1054
2025-02-13T18:42:31.3NZ AMZN 184 132
2025-02-13T18:42:31.3NZ GS 379 164
2025-02-13T18:42:31.3NZ TSLA 173 1015
2025-02-13T18:42:31.3NZ GOOGL 147 924
2025-02-13T18:42:31.3NZ GOOGL 131 672
2025-02-13T18:42:31.3NZ NVDA 800 854
2025-02-13T18:42:31.3NZ AMZN 181 517
2025-02-13T18:42:31.3NZ TSLA 166 862
2025-02-13T18:42:31.3NZ GS 386 472
2025-02-13T18:42:31.3NZ AMZN 172 277
2025-02-13T18:42:31.3NZ NVDA 805 973
2025-02-13T18:42:31.3NZ META 493 825
2025-02-13T18:42:31.3NZ NVDA 793 563
2025-02-13T18:42:31.3NZ BAC 42 1076
2025-02-13T18:42:31.3NZ TSLA 178 405
2025-02-13T18:42:31.3NZ MSFT 406 286
2025-02-13T18:42:31.3NZ GOOGL 146 780
2025-02-13T18:42:31.3NZ BAC 36 894
2025-02-13T18:42:31.3NZ BAC 27 364
2025-02-13T18:42:32.3NZ JPM 168 741
2025-02-13T18:42:32.3NZ AMZN 168 476
2025-02-13T18:42:32.3NZ JPM 174 476
2025-02-13T18:42:32.3NZ NVDA 792 518
2025-02-13T18:42:32.3NZ JPM 183 318
2025-02-13T18:42:32.3NZ META 490 221
2025-02-13T18:42:32.3NZ TSLA 183 1054
2025-02-13T18:42:32.3NZ TSLA 176 157
2025-02-13T18:42:32.3NZ JPM 172 475
2025-02-13T18:42:32.3NZ GOOGL 131 886
2025-02-13T18:42:32.3NZ GS 376 362
2025-02-13T18:42:32.3NZ BAC 44 367
2025-02-13T18:42:32.3NZ AAPL 181 1070
2025-02-13T18:42:32.3NZ GS 374 562
2025-02-13T18:42:32.3NZ META 496 310
2025-02-13T18:42:32.3NZ MSFT 399 442
2025-02-13T18:42:32.3NZ NVDA 809 500
2025-02-13T18:42:32.3NZ TSLA 176 112
2025-02-13T18:42:32.3NZ BAC 32 397
2025-02-13T18:42:32.3NZ GOOGL 139 656
2025-02-13T18:42:32.3NZ META 494 1022
2025-02-13T18:42:32.3NZ AMZN 168 482
2025-02-13T18:42:32.3NZ AMZN 178 915
2025-02-13T18:42:32.3NZ AAPL 184 899
2025-02-13T18:42:32.3NZ NVDA 809 580
2025-02-13T18:42:32.3NZ JPM 176 812
2025-02-13T18:42:32.3NZ AAPL 178 551
2025-02-13T18:42:32.3NZ JPM 175 616
2025-02-13T18:42:32.3NZ GOOGL 135 632
2025-02-13T18:42:32.3NZ GS 374 859
2025-02-13T18:42:32.3NZ NVDA 803 989
2025-02-13T18:42:32.3NZ META 509 380
2025-02-13T18:42:32.3NZ AMZN 178 218
2025-02-13T18:42:32.3NZ META 491 298
2025-02-13T18:42:32.3NZ AMZN 174 489
2025-02-13T18:42:32.3NZ META 498 625
2025-02-13T18:42:32.3NZ AAPL 185 241
2025-02-13T18:42:32.3NZ JPM 184 428
2025-02-13T18:42:32.3NZ MSFT 408 282
2025-02-13T18:42:32.3NZ TSLA 173 717
2025-02-13T18:42:32.3NZ NVDA 806 788
2025-02-13T18:42:32.3NZ AAPL 188 835
2025-02-13T18:42:32.3NZ BAC 27 700
2025-02-13T18:42:32.3NZ AAPL 189 270
2025-02-13T18:42:32.3NZ JPM 179 1036
2025-02-13T18:42:32.3NZ GOOGL 140 180
2025-02-13T18:42:32.3NZ BAC 44 683
2025-02-13T18:42:32.3NZ TSLA 170 737
2025-02-13T18:42:32.3NZ META 504 1089
2025-02-13T18:42:32.3NZ GS 374 231
2025-02-13T18:42:32.3NZ AAPL 187 1089
2025-02-13T18:42:32.3NZ JPM 175 396
2025-02-13T18:42:32.3NZ GS 383 366
2025-02-13T18:42:32.3NZ GS 371 520
2025-02-13T18:42:32.3NZ META 508 414
2025-02-13T18:42:32.3NZ GS 388 255
2025-02-13T18:42:32.3NZ TSLA 172 822
2025-02-13T18:42:32.3NZ AMZN 180 552
2025-02-13T18:42:32.3NZ BAC 44 914
2025-02-13T18:42:32.3NZ BAC 43 430
2025-02-13T18:42:32.3NZ META 495 675
2025-02-13T18:42:32.3NZ NVDA 796 249
2025-02-13T18:42:32.3NZ JPM 168 491
2025-02-13T18:42:32.3NZ NVDA 790 132
2025-02-13T18:42:32.3NZ BAC 44 882
2025-02-13T18:42:32.3NZ MSFT 391 908
2025-02-13T18:42:32.3NZ AAPL 173 1022
2025-02-13T18:42:32.3NZ MSFT 401 1007
2025-02-13T18:42:32.3NZ GOOGL 148 391
2025-02-13T18:42:32.3NZ NVDA 791 219
2025-02-13T18:42:32.3NZ AMZN 166 655
2025-02-13T18:42:32.3NZ MSFT 404 767
2025-02-13T18:42:32.3NZ AAPL 170 410
2025-02-13T18:42:32.3NZ GOOGL 137 751
2025-02-13T18:42:32.3NZ TSLA 182 833
2025-02-13T18:42:32.3NZ BAC 38 573
2025-02-13T18:42:32.3NZ META 508 206
2025-02-13T18:42:32.3NZ GOOGL 147 272
2025-02-13T18:42:32.3NZ BAC 34 413
2025-02-13T18:42:32.3NZ GOOGL 131 267
2025-02-13T18:42:32.3NZ GOOGL 144 429
2025-02-13T18:42:32.3NZ TSLA 171 767
2025-02-13T18:42:32.3NZ AMZN 169 769
2025-02-13T18:42:32.3NZ AMZN 169 272
2025-02-13T18:42:32.3NZ NVDA 798 469
2025-02-13T18:42:32.3NZ BAC 38 395
2025-02-13T18:42:32.3NZ TSLA 178 1071
2025-02-13T18:42:32.3NZ MSFT 394 1057
2025-02-13T18:42:32.3NZ NVDA 803 1009
2025-02-13T18:42:32.3NZ GOOGL 141 214
2025-02-13T18:42:32.3NZ AAPL 187 731
2025-02-13T18:42:32.3NZ MSFT 398 815
2025-02-13T18:42:32.3NZ TSLA 183 343
2025-02-13T18:42:32.3NZ TSLA 173 629
2025-02-13T18:42:32.3NZ TSLA 175 217
2025-02-13T18:42:32.3NZ GOOGL 138 707
2025-02-13T18:42:32.3NZ META 505 100
2025-02-13T18:42:32.3NZ GS 377 395
2025-02-13T18:42:32.3NZ NVDA 792 260
2025-02-13T18:42:32.3NZ META 503 954
2025-02-13T18:42:32.3NZ GOOGL 141 473
2025-02-13T18:42:32.3NZ GS 375 876
2025-02-13T18:42:32.3NZ NVDA 796 1007
2025-02-13T18:42:32.3NZ TSLA 166 962
2025-02-13T18:42:32.3NZ MSFT 401 275
2025-02-13T18:42:32.3NZ JPM 168 1033
2025-02-13T18:42:32.3NZ NVDA 794 216
2025-02-13T18:42:32.3NZ AAPL 175 537
2025-02-13T18:42:32.3NZ TSLA 171 950
2025-02-13T18:42:32.3NZ BAC 33 911
2025-02-13T18:42:32.3NZ NVDA 809 769
2025-02-13T18:42:32.3NZ GOOGL 142 681
2025-02-13T18:42:32.3NZ GS 389 751
2025-02-13T18:42:32.3NZ AAPL 183 318
2025-02-13T18:42:32.3NZ JPM 170 967
2025-02-13T18:42:32.3NZ TSLA 174 1020
2025-02-13T18:42:32.3NZ MSFT 399 860
2025-02-13T18:42:32.3NZ NVDA 790 395
2025-02-13T18:42:32.3NZ META 496 950
2025-02-13T18:42:32.3NZ JPM 184 1063
2025-02-13T18:42:32.3NZ BAC 40 323
2025-02-13T18:42:32.3NZ BAC 27 1093
2025-02-13T18:42:32.3NZ BAC 39 954
2025-02-13T18:42:32.3NZ GOOGL 142 793
2025-02-13T18:42:32.3NZ META 500 444
2025-02-13T18:42:32.3NZ NVDA 793 233
2025-02-13T18:42:32.3NZ MSFT 403 590
2025-02-13T18:42:32.3NZ GS 374 705
2025-02-13T18:42:32.3NZ AAPL 181 200
2025-02-13T18:42:32.3NZ META 492 941
2025-02-13T18:42:32.3NZ AMZN 172 539
2025-02-13T18:42:32.3NZ AAPL 182 346
2025-02-13T18:42:32.3NZ AMZN 183 534
2025-02-13T18:42:32.3NZ AAPL 183 229
2025-02-13T18:42:32.3NZ GS 384 935
2025-02-13T18:42:32.3NZ GS 384 166
2025-02-13T18:42:32.3NZ META 507 353
2025-02-13T18:42:32.3NZ JPM 168 712
2025-02-13T18:42:32.3NZ MSFT 396 834
2025-02-13T18:42:32.3NZ GS 377 1020
2025-02-13T18:42:32.3NZ MSFT 391 1051
2025-02-13T18:42:32.3NZ TSLA 181 185
2025-02-13T18:42:32.3NZ MSFT 399 794
2025-02-13T18:42:32.3NZ JPM 179 762
2025-02-13T18:42:32.3NZ TSLA 170 1015
2025-02-13T18:42:32.3NZ GS 389 957
2025-02-13T18:42:32.3NZ AAPL 186 361
2025-02-13T18:42:32.3NZ META 505 665
2025-02-13T18:42:32.3NZ TSLA 180 409
2025-02-13T18:42:32.3NZ GS 379 592
2025-02-13T18:42:32.3NZ META 504 259
2025-02-13T18:42:32.3NZ BAC 28 244
2025-02-13T18:42:32.3NZ META 497 982
2025-02-13T18:42:32.3NZ GOOGL 139 190
2025-02-13T18:42:32.3NZ JPM 168 761
2025-02-13T18:42:32.3NZ GS 380 287
2025-02-13T18:42:32.3NZ BAC 28 203
2025-02-13T18:42:32.3NZ AMZN 167 307
2025-02-13T18:42:32.3NZ TSLA 174 572
2025-02-13T18:42:32.3NZ JPM 175 471
2025-02-13T18:42:32.3NZ META 490 846
2025-02-13T18:42:32.3NZ AAPL 173 667
2025-02-13T18:42:32.3NZ TSLA 170 418
2025-02-13T18:42:32.3NZ JPM 180 350
2025-02-13T18:42:32.3NZ TSLA 179 1038
2025-02-13T18:42:32.3NZ JPM 184 896
2025-02-13T18:42:32.3NZ BAC 41 418
2025-02-13T18:42:32.3NZ GOOGL 145 220
2025-02-13T18:42:32.3NZ NVDA 796 339
2025-02-13T18:42:32.3NZ JPM 172 989
2025-02-13T18:42:32.3NZ JPM 181 1055
2025-02-13T18:42:32.3NZ BAC 28 1006
2025-02-13T18:42:32.3NZ MSFT 407 869
2025-02-13T18:42:32.3NZ META 499 270
2025-02-13T18:42:32.3NZ GOOGL 142 366
2025-02-13T18:42:32.3NZ JPM 180 342
2025-02-13T18:42:32.3NZ TSLA 184 750
2025-02-13T18:42:32.3NZ JPM 171 388
2025-02-13T18:42:32.3NZ JPM 184 391
2025-02-13T18:42:32.3NZ GOOGL 143 590
2025-02-13T18:42:32.3NZ JPM 173 406
2025-02-13T18:42:32.3NZ AAPL 184 378
2025-02-13T18:42:32.3NZ BAC 25 437
2025-02-13T18:42:32.3NZ GOOGL 142 845
2025-02-13T18:42:32.3NZ AAPL 176 929
2025-02-13T18:42:32.3NZ JPM 172 442
2025-02-13T18:42:32.3NZ GS 382 1014
2025-02-13T18:42:32.3NZ MSFT 404 574
2025-02-13T18:42:32.3NZ MSFT 401 419
2025-02-13T18:42:32.3NZ AMZN 167 653
2025-02-13T18:42:32.3NZ TSLA 174 425
2025-02-13T18:42:32.3NZ GOOGL 146 1020
2025-02-13T18:42:32.3NZ GS 381 127
2025-02-13T18:42:32.3NZ NVDA 800 165
2025-02-13T18:42:32.3NZ MSFT 390 682
2025-02-13T18:42:32.3NZ MSFT 408 335
2025-02-13T18:42:32.3NZ JPM 166 329
2025-02-13T18:42:32.3NZ JPM 180 507
2025-02-13T18:42:32.3NZ TSLA 169 966
2025-02-13T18:42:32.3NZ AMZN 183 476
2025-02-13T18:42:32.3NZ NVDA 803 962
2025-02-13T18:42:32.3NZ BAC 36 233
2025-02-13T18:42:32.3NZ META 503 238
2025-02-13T18:42:32.3NZ JPM 183 765
2025-02-13T18:42:32.3NZ JPM 165 948
2025-02-13T18:42:32.3NZ AMZN 168 357
2025-02-13T18:42:32.3NZ TSLA 180 670
2025-02-13T18:42:32.3NZ GOOGL 141 462
2025-02-13T18:42:32.3NZ BAC 36 442
2025-02-13T18:42:32.3NZ JPM 171 251
2025-02-13T18:42:32.3NZ GOOGL 131 883
2025-02-13T18:42:32.3NZ GOOGL 134 540
2025-02-13T18:42:32.3NZ GOOGL 137 250
2025-02-13T18:42:32.3NZ GS 386 697
2025-02-13T18:42:32.3NZ AMZN 182 837
2025-02-13T18:42:32.3NZ GS 384 1020
2025-02-13T18:42:32.3NZ GOOGL 130 677
2025-02-13T18:42:32.3NZ GS 372 647
2025-02-13T18:42:32.3NZ GS 370 266
2025-02-13T18:42:32.3NZ AAPL 175 760
2025-02-13T18:42:32.3NZ NVDA 806 844
2025-02-13T18:42:32.3NZ BAC 44 621
2025-02-13T18:42:32.3NZ META 507 1021
2025-02-13T18:42:32.3NZ AMZN 174 649
2025-02-13T18:42:32.3NZ META 496 929
2025-02-13T18:42:32.3NZ JPM 176 587
2025-02-13T18:42:32.3NZ MSFT 407 498
2025-02-13T18:42:32.3NZ GOOGL 144 188
2025-02-13T18:42:32.3NZ TSLA 175 864
2025-02-13T18:42:32.3NZ GS 384 1015
2025-02-13T18:42:32.3NZ AMZN 168 932
2025-02-13T18:42:32.3NZ GOOGL 136 956
2025-02-13T18:42:32.3NZ AMZN 177 212
2025-02-13T18:42:32.3NZ JPM 167 978
2025-02-13T18:42:32.3NZ BAC 34 128
2025-02-13T18:42:32.3NZ AAPL 172 1004
2025-02-13T18:42:32.3NZ JPM 168 945
2025-02-13T18:42:32.3NZ MSFT 403 424
2025-02-13T18:42:32.3NZ BAC 44 497
2025-02-13T18:42:32.3NZ NVDA 797 370
2025-02-13T18:42:32.3NZ JPM 173 845
2025-02-13T18:42:32.3NZ BAC 34 1050
2025-02-13T18:42:32.3NZ META 493 650
2025-02-13T18:42:32.3NZ TSLA 179 386
2025-02-13T18:42:32.3NZ GOOGL 133 453
2025-02-13T18:42:32.3NZ JPM 171 972
2025-02-13T18:42:32.3NZ MSFT 398 1043
2025-02-13T18:42:32.3NZ META 500 201
2025-02-13T18:42:32.3NZ AMZN 178 928
2025-02-13T18:42:32.3NZ MSFT 394 310
2025-02-13T18:42:32.3NZ NVDA 805 756
2025-02-13T18:42:32.3NZ GOOGL 132 309
2025-02-13T18:42:32.3NZ BAC 29 574
2025-02-13T18:42:32.3NZ AAPL 183 812
2025-02-13T18:42:32.3NZ JPM 175 538
2025-02-13T18:42:32.3NZ GS 383 861
2025-02-13T18:42:32.3NZ GS 376 638
2025-02-13T18:42:32.3NZ JPM 166 1093
2025-02-13T18:42:32.3NZ META 506 796
2025-02-13T18:42:32.3NZ TSLA 174 693
2025-02-13T18:42:32.3NZ GS 378 746
2025-02-13T18:42:32.3NZ AAPL 170 389
2025-02-13T18:42:32.3NZ GS 386 971
2025-02-13T18:42:32.3NZ BAC 32 431
2025-02-13T18:42:32.3NZ META 508 811
2025-02-13T18:42:32.3NZ GS 371 161
2025-02-13T18:42:32.3NZ GS 387 229
2025-02-13T18:42:32.3NZ GOOGL 139 713
2025-02-13T18:42:32.3NZ NVDA 801 163
2025-02-13T18:42:32.3NZ META 498 998
2025-02-13T18:42:32.3NZ GS 381 408
2025-02-13T18:42:32.3NZ GOOGL 131 825
2025-02-13T18:42:32.3NZ TSLA 182 742
2025-02-13T18:42:32.3NZ AMZN 178 529
2025-02-13T18:42:32.3NZ TSLA 176 431
2025-02-13T18:42:32.3NZ BAC 38 289
2025-02-13T18:42:32.3NZ MSFT 404 711
2025-02-13T18:42:32.3NZ JPM 183 717
2025-02-13T18:42:32.3NZ AMZN 182 782
2025-02-13T18:42:32.3NZ MSFT 393 259
2025-02-13T18:42:32.3NZ AMZN 178 188
2025-02-13T18:42:32.3NZ GOOGL 144 567
2025-02-13T18:42:32.3NZ NVDA 808 717
2025-02-13T18:42:32.3NZ JPM 178 1044
2025-02-13T18:42:32.3NZ META 506 817
2025-02-13T18:42:32.3NZ BAC 32 146
2025-02-13T18:42:32.3NZ TSLA 169 222
2025-02-13T18:42:32.3NZ JPM 177 369
2025-02-13T18:42:32.3NZ GS 381 437
2025-02-13T18:42:32.3NZ AMZN 182 707
2025-02-13T18:42:32.3NZ TSLA 184 654
2025-02-13T18:42:32.3NZ AAPL 179 459
2025-02-13T18:42:32.3NZ GS 371 958
2025-02-13T18:42:32.3NZ META 503 915
2025-02-13T18:42:32.3NZ GOOGL 138 812
2025-02-13T18:42:32.3NZ MSFT 407 178
2025-02-13T18:42:32.3NZ META 496 741
2025-02-13T18:42:32.3NZ GS 389 654
2025-02-13T18:42:32.3NZ AAPL 179 965
2025-02-13T18:42:32.3NZ AAPL 180 244
2025-02-13T18:42:32.3NZ MSFT 400 249
2025-02-13T18:42:32.3NZ MSFT 397 855
2025-02-13T18:42:32.3NZ GS 378 571
2025-02-13T18:42:32.3NZ TSLA 180 259
2025-02-13T18:42:32.3NZ AAPL 186 413
2025-02-13T18:42:32.3NZ GS 388 296
2025-02-13T18:42:32.3NZ META 491 185
2025-02-13T18:42:32.3NZ GOOGL 134 304
2025-02-13T18:42:32.3NZ GOOGL 144 296
2025-02-13T18:42:32.3NZ MSFT 399 227
2025-02-13T18:42:32.3NZ MSFT 403 319
2025-02-13T18:42:32.3NZ JPM 165 578
2025-02-13T18:42:32.3NZ BAC 25 456
2025-02-13T18:42:32.3NZ META 505 490
2025-02-13T18:42:32.3NZ BAC 37 765
2025-02-13T18:42:32.3NZ META 500 845
2025-02-13T18:42:32.3NZ GOOGL 138 965
2025-02-13T18:42:32.3NZ NVDA 792 328
2025-02-13T18:42:32.3NZ JPM 179 393
2025-02-13T18:42:32.3NZ META 497 628
2025-02-13T18:42:32.3NZ NVDA 807 934
2025-02-13T18:42:32.3NZ BAC 27 389
2025-02-13T18:42:32.3NZ JPM 178 840
2025-02-13T18:42:32.3NZ META 495 221
2025-02-13T18:42:32.3NZ AMZN 172 366
2025-02-13T18:42:32.3NZ AAPL 178 130
2025-02-13T18:42:32.3NZ META 504 255
2025-02-13T18:42:32.3NZ AMZN 182 920
2025-02-13T18:42:32.3NZ GOOGL 144 1020
2025-02-13T18:42:32.3NZ BAC 39 961
2025-02-13T18:42:32.3NZ AMZN 172 447
2025-02-13T18:42:32.3NZ BAC 34 613
2025-02-13T18:42:32.3NZ AAPL 183 270
2025-02-13T18:42:32.3NZ AMZN 169 626
2025-02-13T18:42:32.3NZ GOOGL 147 226
2025-02-13T18:42:32.3NZ MSFT 390 153
2025-02-13T18:42:32.3NZ GOOGL 137 866
2025-02-13T18:42:33.3NZ BAC 27 359
2025-02-13T18:42:33.3NZ META 498 1023
2025-02-13T18:42:33.3NZ JPM 172 847
2025-02-13T18:42:33.3NZ TSLA 165 433
2025-02-13T18:42:33.3NZ JPM 180 1045
2025-02-13T18:42:33.3NZ GS 378 990
2025-02-13T18:42:33.3NZ AMZN 173 983
2025-02-13T18:42:33.3NZ META 496 460
2025-02-13T18:42:33.3NZ AAPL 170 551
2025-02-13T18:42:33.3NZ TSLA 178 507
2025-02-13T18:42:33.3NZ MSFT 399 1025
2025-02-13T18:42:33.3NZ NVDA 794 755
2025-02-13T18:42:33.3NZ AAPL 176 612
2025-02-13T18:42:33.3NZ AAPL 170 909
2025-02-13T18:42:33.3NZ MSFT 407 1070
2025-02-13T18:42:33.3NZ JPM 165 1074
2025-02-13T18:42:33.3NZ GOOGL 132 730
2025-02-13T18:42:33.3NZ NVDA 801 348
2025-02-13T18:42:33.3NZ BAC 30 308
2025-02-13T18:42:33.3NZ GOOGL 149 482
2025-02-13T18:42:33.3NZ MSFT 392 122
2025-02-13T18:42:33.3NZ GOOGL 145 940
2025-02-13T18:42:33.3NZ NVDA 796 350
2025-02-13T18:42:33.3NZ META 502 160
2025-02-13T18:42:33.3NZ GS 370 522
2025-02-13T18:42:33.3NZ AAPL 180 476
2025-02-13T18:42:33.3NZ META 505 589
2025-02-13T18:42:33.3NZ MSFT 402 167
2025-02-13T18:42:33.3NZ JPM 178 193
2025-02-13T18:42:33.3NZ GOOGL 149 148
2025-02-13T18:42:33.3NZ META 507 890
2025-02-13T18:42:33.3NZ NVDA 794 678
2025-02-13T18:42:33.3NZ META 509 197
2025-02-13T18:42:33.3NZ BAC 37 281
2025-02-13T18:42:33.3NZ BAC 39 927
2025-02-13T18:42:33.3NZ NVDA 807 153
2025-02-13T18:42:33.3NZ JPM 181 341
2025-02-13T18:42:33.3NZ AMZN 170 202
2025-02-13T18:42:33.3NZ TSLA 169 809
2025-02-13T18:42:33.3NZ GS 381 496
2025-02-13T18:42:33.3NZ META 491 158
2025-02-13T18:42:33.3NZ GOOGL 132 704
2025-02-13T18:42:33.3NZ AMZN 168 183
2025-02-13T18:42:33.3NZ TSLA 181 802
2025-02-13T18:42:33.3NZ AAPL 176 271
2025-02-13T18:42:33.3NZ AMZN 176 768
2025-02-13T18:42:33.3NZ TSLA 167 104
2025-02-13T18:42:33.3NZ NVDA 794 759
2025-02-13T18:42:33.3NZ JPM 180 1028
2025-02-13T18:42:33.3NZ JPM 184 624
2025-02-13T18:42:33.3NZ NVDA 800 407
2025-02-13T18:42:33.3NZ META 492 696
2025-02-13T18:42:33.3NZ MSFT 405 299
2025-02-13T18:42:33.3NZ NVDA 796 810
2025-02-13T18:42:33.3NZ MSFT 406 142
2025-02-13T18:42:33.3NZ BAC 34 167
2025-02-13T18:42:33.3NZ JPM 170 945
2025-02-13T18:42:33.3NZ MSFT 409 307
2025-02-13T18:42:33.3NZ TSLA 167 372
2025-02-13T18:42:33.3NZ AMZN 184 533
2025-02-13T18:42:33.3NZ NVDA 800 218
2025-02-13T18:42:33.3NZ TSLA 174 954
2025-02-13T18:42:33.3NZ NVDA 790 135
2025-02-13T18:42:33.3NZ GS 375 383
2025-02-13T18:42:33.3NZ BAC 31 388
2025-02-13T18:42:33.3NZ GOOGL 140 985
2025-02-13T18:42:33.3NZ GOOGL 139 608
2025-02-13T18:42:33.3NZ NVDA 793 672
2025-02-13T18:42:33.3NZ GS 377 225
2025-02-13T18:42:33.3NZ AAPL 186 436
2025-02-13T18:42:33.3NZ BAC 34 833
2025-02-13T18:42:33.3NZ META 501 821
2025-02-13T18:42:33.3NZ AMZN 170 351
2025-02-13T18:42:33.3NZ TSLA 172 876
2025-02-13T18:42:33.3NZ MSFT 409 816
2025-02-13T18:42:33.3NZ TSLA 165 906
2025-02-13T18:42:33.3NZ BAC 40 361
2025-02-13T18:42:33.3NZ AMZN 179 738
2025-02-13T18:42:33.3NZ JPM 167 114
2025-02-13T18:42:33.3NZ JPM 177 927
2025-02-13T18:42:33.3NZ GOOGL 143 978
2025-02-13T18:42:33.3NZ GOOGL 143 269
2025-02-13T18:42:33.3NZ NVDA 804 263
2025-02-13T18:42:33.3NZ GS 372 746
2025-02-13T18:42:33.3NZ NVDA 793 1085
2025-02-13T18:42:33.3NZ GOOGL 138 882
2025-02-13T18:42:33.3NZ JPM 184 248
2025-02-13T18:42:33.3NZ MSFT 392 1082
2025-02-13T18:42:33.3NZ GS 380 238
2025-02-13T18:42:33.3NZ GOOGL 139 653
2025-02-13T18:42:33.3NZ NVDA 806 985
2025-02-13T18:42:33.3NZ META 504 537
2025-02-13T18:42:33.3NZ GOOGL 143 919
2025-02-13T18:42:33.3NZ MSFT 401 1099
2025-02-13T18:42:33.3NZ AMZN 180 759
2025-02-13T18:42:33.3NZ META 493 1015
2025-02-13T18:42:33.3NZ BAC 27 747
2025-02-13T18:42:33.3NZ GS 375 845
2025-02-13T18:42:33.3NZ TSLA 166 385
2025-02-13T18:42:33.3NZ JPM 184 550
2025-02-13T18:42:33.3NZ TSLA 165 899
2025-02-13T18:42:33.3NZ AAPL 188 476
2025-02-13T18:42:33.3NZ AAPL 178 342
2025-02-13T18:42:33.3NZ META 504 953
2025-02-13T18:42:33.3NZ AAPL 175 874
2025-02-13T18:42:33.3NZ TSLA 172 159
2025-02-13T18:42:33.3NZ GOOGL 134 707
2025-02-13T18:42:33.3NZ GOOGL 130 443
2025-02-13T18:42:33.3NZ JPM 178 258
2025-02-13T18:42:33.3NZ TSLA 178 893
2025-02-13T18:42:33.3NZ AMZN 166 690
2025-02-13T18:42:33.3NZ GS 376 777
2025-02-13T18:42:33.3NZ META 508 907
2025-02-13T18:42:33.3NZ AMZN 165 106
2025-02-13T18:42:33.3NZ MSFT 401 283
2025-02-13T18:42:33.3NZ BAC 25 550
2025-02-13T18:42:33.3NZ TSLA 182 920
2025-02-13T18:42:33.3NZ MSFT 398 707
2025-02-13T18:42:33.3NZ META 493 754
2025-02-13T18:42:33.3NZ BAC 26 906
2025-02-13T18:42:33.3NZ NVDA 809 345
2025-02-13T18:42:33.3NZ NVDA 807 682
2025-02-13T18:42:33.3NZ GOOGL 134 1044
2025-02-13T18:42:33.3NZ NVDA 803 298
2025-02-13T18:42:33.3NZ NVDA 798 1062
2025-02-13T18:42:33.3NZ GS 388 345
2025-02-13T18:42:33.3NZ BAC 30 610
2025-02-13T18:42:33.3NZ MSFT 392 941
2025-02-13T18:42:33.3NZ NVDA 802 417
2025-02-13T18:42:33.3NZ MSFT 392 798
2025-02-13T18:42:33.3NZ JPM 182 1042
2025-02-13T18:42:33.3NZ AAPL 175 531
2025-02-13T18:42:33.3NZ META 503 113
2025-02-13T18:42:33.3NZ BAC 39 713
2025-02-13T18:42:33.3NZ JPM 181 833
2025-02-13T18:42:33.3NZ AAPL 185 446
2025-02-13T18:42:33.3NZ MSFT 395 335
2025-02-13T18:42:33.3NZ GS 372 448
2025-02-13T18:42:33.3NZ AAPL 187 305
2025-02-13T18:42:33.3NZ AMZN 165 670
2025-02-13T18:42:33.3NZ AMZN 180 353
2025-02-13T18:42:33.3NZ META 491 679
2025-02-13T18:42:33.3NZ MSFT 397 707
2025-02-13T18:42:33.3NZ GS 375 237
2025-02-13T18:42:33.3NZ NVDA 806 617
2025-02-13T18:42:33.3NZ MSFT 402 648
2025-02-13T18:42:33.3NZ TSLA 169 699
2025-02-13T18:42:33.3NZ MSFT 406 374
2025-02-13T18:42:33.3NZ GOOGL 144 332
2025-02-13T18:42:33.3NZ JPM 183 983
2025-02-13T18:42:33.3NZ BAC 25 1031
2025-02-13T18:42:33.3NZ MSFT 409 206
2025-02-13T18:42:33.3NZ MSFT 390 1074
2025-02-13T18:42:33.3NZ NVDA 803 946
2025-02-13T18:42:33.3NZ AAPL 180 526
2025-02-13T18:42:33.3NZ TSLA 169 512
2025-02-13T18:42:33.3NZ META 493 432
2025-02-13T18:42:33.3NZ TSLA 182 754
2025-02-13T18:42:33.3NZ AAPL 184 745
2025-02-13T18:42:33.3NZ BAC 27 185
2025-02-13T18:42:33.3NZ BAC 37 784
2025-02-13T18:42:33.3NZ AMZN 173 699
2025-02-13T18:42:33.3NZ MSFT 403 491
2025-02-13T18:42:33.3NZ AMZN 170 704
2025-02-13T18:42:33.3NZ META 494 868
2025-02-13T18:42:33.3NZ AMZN 166 845
2025-02-13T18:42:33.3NZ NVDA 795 777
2025-02-13T18:42:33.3NZ TSLA 173 579
2025-02-13T18:42:33.3NZ AAPL 183 814
2025-02-13T18:42:33.3NZ JPM 170 792
2025-02-13T18:42:33.3NZ GOOGL 145 881
2025-02-13T18:42:33.3NZ TSLA 181 793
2025-02-13T18:42:33.3NZ NVDA 800 592
2025-02-13T18:42:33.3NZ BAC 35 1081
2025-02-13T18:42:33.3NZ META 491 706
2025-02-13T18:42:33.3NZ GS 374 499
2025-02-13T18:42:33.3NZ AAPL 177 538
2025-02-13T18:42:33.3NZ AAPL 184 863
2025-02-13T18:42:33.3NZ GOOGL 135 336
2025-02-13T18:42:33.3NZ MSFT 404 897
2025-02-13T18:42:33.3NZ BAC 34 1096
2025-02-13T18:42:33.3NZ NVDA 801 404
2025-02-13T18:42:33.3NZ AMZN 172 957
2025-02-13T18:42:33.3NZ BAC 33 278
2025-02-13T18:42:33.3NZ JPM 170 472
2025-02-13T18:42:33.3NZ AMZN 182 524
2025-02-13T18:42:33.3NZ BAC 44 998
2025-02-13T18:42:33.3NZ META 508 1059
2025-02-13T18:42:33.3NZ JPM 173 366
2025-02-13T18:42:33.3NZ AMZN 170 230
2025-02-13T18:42:33.3NZ GS 376 731
2025-02-13T18:42:33.3NZ JPM 180 108
2025-02-13T18:42:33.3NZ MSFT 404 862
2025-02-13T18:42:33.3NZ GOOGL 142 1093
2025-02-13T18:42:33.3NZ GS 375 1006
2025-02-13T18:42:33.3NZ AAPL 189 804
2025-02-13T18:42:33.3NZ GOOGL 136 485
2025-02-13T18:42:33.3NZ NVDA 808 101
2025-02-13T18:42:33.3NZ GS 385 622
2025-02-13T18:42:33.3NZ META 494 432
2025-02-13T18:42:33.3NZ JPM 169 486
2025-02-13T18:42:33.3NZ BAC 36 463
2025-02-13T18:42:33.3NZ BAC 28 835
2025-02-13T18:42:33.3NZ BAC 25 830
2025-02-13T18:42:33.3NZ GS 376 702
2025-02-13T18:42:33.3NZ TSLA 176 154
2025-02-13T18:42:33.3NZ JPM 171 209
2025-02-13T18:42:33.3NZ NVDA 803 556
2025-02-13T18:42:33.3NZ TSLA 178 504
2025-02-13T18:42:33.3NZ JPM 175 407
2025-02-13T18:42:33.3NZ NVDA 796 377
2025-02-13T18:42:33.3NZ BAC 35 912
2025-02-13T18:42:33.3NZ META 505 542
2025-02-13T18:42:33.3NZ AMZN 183 1042
2025-02-13T18:42:33.3NZ BAC 32 548
2025-02-13T18:42:33.3NZ NVDA 802 914
2025-02-13T18:42:33.3NZ GS 379 685
2025-02-13T18:42:33.3NZ GS 386 113
2025-02-13T18:42:33.3NZ GOOGL 135 925
2025-02-13T18:42:33.3NZ TSLA 166 163
2025-02-13T18:42:33.3NZ BAC 42 982
2025-02-13T18:42:33.3NZ JPM 170 751
2025-02-13T18:42:33.3NZ AAPL 179 113
2025-02-13T18:42:33.3NZ GS 387 796
2025-02-13T18:42:33.3NZ BAC 26 300
2025-02-13T18:42:33.3NZ AAPL 171 748
2025-02-13T18:42:33.3NZ GOOGL 135 912
2025-02-13T18:42:33.3NZ AMZN 172 679
2025-02-13T18:42:33.3NZ TSLA 175 1066
2025-02-13T18:42:33.3NZ AAPL 179 1092
2025-02-13T18:42:33.3NZ GOOGL 133 561
2025-02-13T18:42:33.3NZ MSFT 400 278
2025-02-13T18:42:33.3NZ TSLA 168 769
2025-02-13T18:42:33.3NZ TSLA 173 420
2025-02-13T18:42:33.3NZ BAC 39 856
2025-02-13T18:42:33.3NZ META 497 212
2025-02-13T18:42:33.3NZ TSLA 167 194
2025-02-13T18:42:33.3NZ JPM 165 260
2025-02-13T18:42:33.3NZ AAPL 184 1016
2025-02-13T18:42:33.3NZ JPM 179 590
2025-02-13T18:42:33.3NZ AAPL 182 1049
2025-02-13T18:42:33.3NZ BAC 43 855
2025-02-13T18:42:33.3NZ BAC 33 367
2025-02-13T18:42:33.3NZ TSLA 181 857
2025-02-13T18:42:33.3NZ JPM 177 549
2025-02-13T18:42:33.3NZ META 494 739
2025-02-13T18:42:33.3NZ NVDA 806 868
2025-02-13T18:42:33.3NZ AMZN 176 939
2025-02-13T18:42:33.3NZ GOOGL 138 559
2025-02-13T18:42:33.3NZ BAC 35 169
2025-02-13T18:42:33.3NZ BAC 39 290
2025-02-13T18:42:33.3NZ AAPL 174 929
2025-02-13T18:42:33.3NZ JPM 168 185
2025-02-13T18:42:33.3NZ AAPL 172 595
2025-02-13T18:42:33.3NZ AMZN 181 106
2025-02-13T18:42:33.3NZ NVDA 794 835
2025-02-13T18:42:33.3NZ AAPL 172 987
2025-02-13T18:42:33.3NZ BAC 28 584
2025-02-13T18:42:33.3NZ GS 388 203
2025-02-13T18:42:33.3NZ NVDA 803 593
2025-02-13T18:42:33.3NZ BAC 30 732
2025-02-13T18:42:33.3NZ META 497 192
2025-02-13T18:42:33.3NZ GS 389 226
2025-02-13T18:42:33.3NZ AAPL 181 187
2025-02-13T18:42:33.3NZ NVDA 800 941
2025-02-13T18:42:33.3NZ META 495 312
2025-02-13T18:42:33.3NZ TSLA 184 1064
2025-02-13T18:42:33.3NZ JPM 168 1019
2025-02-13T18:42:33.3NZ MSFT 405 598
2025-02-13T18:42:33.3NZ AMZN 179 132
2025-02-13T18:42:33.3NZ NVDA 799 598
2025-02-13T18:42:33.3NZ AAPL 175 355
2025-02-13T18:42:33.3NZ AMZN 174 574
2025-02-13T18:42:33.3NZ BAC 29 1008
2025-02-13T18:42:33.3NZ AMZN 178 673
2025-02-13T18:42:33.3NZ AMZN 169 286
2025-02-13T18:42:33.3NZ AAPL 174 1012
2025-02-13T18:42:33.3NZ GOOGL 142 941
2025-02-13T18:42:33.3NZ META 504 422
2025-02-13T18:42:33.3NZ TSLA 166 672
2025-02-13T18:42:33.3NZ AAPL 182 344
2025-02-13T18:42:33.3NZ NVDA 790 1067
2025-02-13T18:42:33.3NZ NVDA 791 510
2025-02-13T18:42:33.3NZ GS 376 876
2025-02-13T18:42:33.3NZ NVDA 795 663
2025-02-13T18:42:33.3NZ TSLA 168 114
2025-02-13T18:42:33.3NZ GOOGL 148 975
2025-02-13T18:42:33.3NZ BAC 37 1072
2025-02-13T18:42:33.3NZ NVDA 803 905
2025-02-13T18:42:33.3NZ JPM 184 512
2025-02-13T18:42:33.3NZ GOOGL 149 695
2025-02-13T18:42:33.3NZ GS 387 154
2025-02-13T18:42:34.3NZ MSFT 393 923
2025-02-13T18:42:34.3NZ GOOGL 141 386
2025-02-13T18:42:34.3NZ GS 383 760
2025-02-13T18:42:34.3NZ BAC 33 265
2025-02-13T18:42:34.3NZ GOOGL 130 452
2025-02-13T18:42:34.3NZ JPM 171 243
2025-02-13T18:42:34.3NZ META 508 865
2025-02-13T18:42:34.3NZ META 504 907
2025-02-13T18:42:34.3NZ AAPL 171 297
2025-02-13T18:42:34.3NZ MSFT 398 509
2025-02-13T18:42:34.3NZ BAC 28 939
2025-02-13T18:42:34.3NZ GS 382 562
2025-02-13T18:42:34.3NZ TSLA 180 183
2025-02-13T18:42:34.3NZ GOOGL 138 889
2025-02-13T18:42:34.3NZ TSLA 168 560
2025-02-13T18:42:34.3NZ AAPL 184 630
2025-02-13T18:42:34.3NZ GOOGL 136 381
2025-02-13T18:42:34.3NZ TSLA 176 401
2025-02-13T18:42:34.3NZ GS 380 994
2025-02-13T18:42:34.3NZ JPM 179 696
2025-02-13T18:42:34.3NZ GOOGL 133 686
2025-02-13T18:42:34.3NZ META 499 104
2025-02-13T18:42:34.3NZ JPM 179 1056
2025-02-13T18:42:34.3NZ META 495 636
2025-02-13T18:42:34.3NZ BAC 25 424
2025-02-13T18:42:34.3NZ BAC 29 270
2025-02-13T18:42:34.3NZ META 505 655
2025-02-13T18:42:34.3NZ MSFT 407 155
2025-02-13T18:42:34.3NZ JPM 170 975
2025-02-13T18:42:34.3NZ NVDA 802 133
2025-02-13T18:42:34.3NZ MSFT 409 1026
2025-02-13T18:42:34.3NZ AMZN 184 387
2025-02-13T18:42:34.3NZ GOOGL 130 863
2025-02-13T18:42:34.3NZ GOOGL 140 962
2025-02-13T18:42:34.3NZ AAPL 182 283
2025-02-13T18:42:34.3NZ AAPL 181 575
2025-02-13T18:42:34.3NZ GS 372 684
2025-02-13T18:42:34.3NZ GS 380 236
2025-02-13T18:42:34.3NZ NVDA 793 566
2025-02-13T18:42:34.3NZ JPM 167 485
2025-02-13T18:42:34.3NZ GOOGL 146 154
2025-02-13T18:42:34.3NZ JPM 176 501
2025-02-13T18:42:34.3NZ GS 379 464
2025-02-13T18:42:34.3NZ NVDA 798 724
2025-02-13T18:42:34.3NZ MSFT 409 381
2025-02-13T18:42:34.3NZ AMZN 182 140
2025-02-13T18:42:34.3NZ META 499 115
2025-02-13T18:42:34.3NZ TSLA 178 737
2025-02-13T18:42:34.3NZ MSFT 401 654
2025-02-13T18:42:34.3NZ AMZN 169 710
2025-02-13T18:42:34.3NZ NVDA 800 503
2025-02-13T18:42:34.3NZ META 491 1094
2025-02-13T18:42:34.3NZ META 504 939
2025-02-13T18:42:34.3NZ JPM 171 568
2025-02-13T18:42:34.3NZ NVDA 803 760
2025-02-13T18:42:34.3NZ AMZN 184 721
2025-02-13T18:42:34.3NZ GS 374 260
2025-02-13T18:42:34.3NZ BAC 39 789
2025-02-13T18:42:34.3NZ NVDA 805 595
2025-02-13T18:42:34.3NZ GS 385 157
2025-02-13T18:42:34.3NZ MSFT 401 285
2025-02-13T18:42:34.3NZ NVDA 801 199
2025-02-13T18:42:34.3NZ AAPL 175 735
2025-02-13T18:42:34.3NZ BAC 39 194
2025-02-13T18:42:34.3NZ GS 373 560
2025-02-13T18:42:34.3NZ MSFT 390 1047
2025-02-13T18:42:34.3NZ META 502 355
2025-02-13T18:42:34.3NZ AAPL 171 213
2025-02-13T18:42:34.3NZ AAPL 185 655
2025-02-13T18:42:34.3NZ AAPL 179 540
2025-02-13T18:42:34.3NZ NVDA 804 292
2025-02-13T18:42:34.3NZ BAC 30 704
2025-02-13T18:42:34.3NZ JPM 184 354
2025-02-13T18:42:34.3NZ META 500 525
2025-02-13T18:42:34.3NZ AAPL 175 876
2025-02-13T18:42:34.3NZ BAC 27 1079
2025-02-13T18:42:34.3NZ BAC 34 838
2025-02-13T18:42:34.3NZ BAC 29 159
2025-02-13T18:42:34.3NZ MSFT 401 1019
2025-02-13T18:42:34.3NZ TSLA 184 567
2025-02-13T18:42:34.3NZ TSLA 179 849
2025-02-13T18:42:34.3NZ NVDA 809 997
2025-02-13T18:42:34.3NZ BAC 29 917
2025-02-13T18:42:34.3NZ META 506 439
2025-02-13T18:42:34.3NZ TSLA 165 317
2025-02-13T18:42:34.3NZ AAPL 172 666
2025-02-13T18:42:34.3NZ AMZN 172 815
2025-02-13T18:42:34.3NZ GOOGL 144 291
2025-02-13T18:42:34.3NZ TSLA 182 443
2025-02-13T18:42:34.3NZ TSLA 177 240
2025-02-13T18:42:34.3NZ TSLA 167 450
2025-02-13T18:42:34.3NZ MSFT 392 252
2025-02-13T18:42:34.3NZ GOOGL 136 859
2025-02-13T18:42:34.3NZ AAPL 173 221
2025-02-13T18:42:34.3NZ NVDA 808 179
2025-02-13T18:42:34.3NZ AMZN 177 593
2025-02-13T18:42:34.3NZ NVDA 791 1038
2025-02-13T18:42:34.3NZ AMZN 176 306
2025-02-13T18:42:34.3NZ BAC 39 818
2025-02-13T18:42:34.3NZ AAPL 173 539
2025-02-13T18:42:34.3NZ GOOGL 131 315
2025-02-13T18:42:34.3NZ GS 386 859
2025-02-13T18:42:34.3NZ TSLA 169 765
2025-02-13T18:42:34.3NZ BAC 42 396
2025-02-13T18:42:34.3NZ AMZN 172 1098
2025-02-13T18:42:34.3NZ AAPL 184 533
2025-02-13T18:42:34.3NZ GS 375 784
2025-02-13T18:42:34.3NZ AMZN 165 133
2025-02-13T18:42:34.3NZ AAPL 178 627
2025-02-13T18:42:34.3NZ AAPL 185 1034
2025-02-13T18:42:34.3NZ BAC 35 1078
2025-02-13T18:42:34.3NZ META 496 961
2025-02-13T18:42:34.3NZ BAC 30 532
2025-02-13T18:42:34.3NZ AMZN 170 998
2025-02-13T18:42:34.3NZ GS 377 181
2025-02-13T18:42:34.3NZ META 496 876
2025-02-13T18:42:34.3NZ JPM 183 741
2025-02-13T18:42:34.3NZ GOOGL 143 295
2025-02-13T18:42:34.3NZ JPM 176 1004
2025-02-13T18:42:34.3NZ GOOGL 130 618
2025-02-13T18:42:34.3NZ GS 376 868
2025-02-13T18:42:34.3NZ TSLA 172 1030
2025-02-13T18:42:34.3NZ GOOGL 143 852
2025-02-13T18:42:34.3NZ AAPL 171 1042
2025-02-13T18:42:34.3NZ GS 378 585
2025-02-13T18:42:34.3NZ BAC 34 1096
2025-02-13T18:42:34.3NZ GOOGL 149 1081
2025-02-13T18:42:34.3NZ AAPL 173 479
2025-02-13T18:42:34.3NZ AAPL 188 640
2025-02-13T18:42:34.3NZ JPM 182 242
2025-02-13T18:42:34.3NZ AAPL 174 181
2025-02-13T18:42:34.3NZ NVDA 805 874
2025-02-13T18:42:34.3NZ AAPL 184 785
2025-02-13T18:42:34.3NZ MSFT 396 280
2025-02-13T18:42:34.3NZ MSFT 398 601
2025-02-13T18:42:34.3NZ TSLA 177 1041
2025-02-13T18:42:34.3NZ GOOGL 149 368
2025-02-13T18:42:34.3NZ AMZN 171 852
2025-02-13T18:42:34.3NZ META 491 843
2025-02-13T18:42:34.3NZ TSLA 172 653
2025-02-13T18:42:34.3NZ AMZN 179 756
2025-02-13T18:42:34.3NZ META 499 775
2025-02-13T18:42:34.3NZ META 494 695
2025-02-13T18:42:34.3NZ AAPL 182 637
2025-02-13T18:42:34.3NZ AAPL 172 288
2025-02-13T18:42:34.3NZ META 491 984
2025-02-13T18:42:34.3NZ GS 389 910
2025-02-13T18:42:34.3NZ MSFT 408 742
2025-02-13T18:42:34.3NZ JPM 165 531
2025-02-13T18:42:34.3NZ BAC 33 807
2025-02-13T18:42:34.3NZ GOOGL 135 240
2025-02-13T18:42:34.3NZ JPM 167 623
2025-02-13T18:42:34.3NZ MSFT 398 913
2025-02-13T18:42:34.3NZ GS 388 872
2025-02-13T18:42:34.3NZ JPM 179 178
2025-02-13T18:42:34.3NZ AAPL 176 694
2025-02-13T18:42:34.3NZ JPM 180 1055
2025-02-13T18:42:34.3NZ GS 374 712
2025-02-13T18:42:34.3NZ TSLA 170 518
2025-02-13T18:42:34.3NZ AMZN 170 932
2025-02-13T18:42:34.3NZ JPM 166 496
2025-02-13T18:42:34.3NZ GOOGL 144 201
2025-02-13T18:42:34.3NZ GOOGL 138 702
2025-02-13T18:42:34.3NZ MSFT 408 873
2025-02-13T18:42:34.3NZ META 509 585
2025-02-13T18:42:34.3NZ NVDA 806 652
2025-02-13T18:42:34.3NZ GS 372 471
2025-02-13T18:42:34.3NZ AAPL 189 999
2025-02-13T18:42:34.3NZ BAC 41 237
2025-02-13T18:42:34.3NZ NVDA 804 347
2025-02-13T18:42:34.3NZ GOOGL 133 150
2025-02-13T18:42:34.3NZ GOOGL 137 671
2025-02-13T18:42:34.3NZ GOOGL 139 400
2025-02-13T18:42:34.3NZ AMZN 177 844
2025-02-13T18:42:34.3NZ MSFT 405 1092
2025-02-13T18:42:34.3NZ NVDA 793 965
2025-02-13T18:42:34.3NZ AAPL 175 789
2025-02-13T18:42:34.3NZ BAC 33 1069
2025-02-13T18:42:34.3NZ TSLA 169 769
2025-02-13T18:42:34.3NZ NVDA 800 404
2025-02-13T18:42:34.3NZ GS 388 407
2025-02-13T18:42:34.3NZ GS 377 1009
2025-02-13T18:42:34.3NZ NVDA 803 722
2025-02-13T18:42:34.3NZ GS 370 105
2025-02-13T18:42:34.3NZ GOOGL 144 505
2025-02-13T18:42:34.3NZ AAPL 180 782
2025-02-13T18:42:34.3NZ MSFT 401 243
2025-02-13T18:42:34.3NZ NVDA 805 336
2025-02-13T18:42:34.3NZ TSLA 173 261
2025-02-13T18:42:34.3NZ BAC 42 108
2025-02-13T18:42:34.3NZ MSFT 401 164
2025-02-13T18:42:34.3NZ GS 374 841
